<?xml version="1.0" encoding="UTF-8"?>
<testng-results ignored="0" total="1" passed="1" failed="0" skipped="0">
  <reporter-output>
  </reporter-output>
  <suite started-at="2023-12-23T14:43:48 IST" name="Default suite" finished-at="2023-12-23T14:44:04 IST" duration-ms="16668">
    <groups>
    </groups>
    <test started-at="2023-12-23T14:43:48 IST" name="Default test" finished-at="2023-12-23T14:44:04 IST" duration-ms="16668">
      <class name="ExtentReport.ExtentReportWithSSCREENSHOT">
        <test-method signature="report()[pri:0, instance:ExtentReport.ExtentReportWithSSCREENSHOT@399f45b1]" started-at="2023-12-23T14:43:48 IST" name="report" finished-at="2023-12-23T14:44:04 IST" duration-ms="16542" status="PASS">
          <reporter-output>
          </reporter-output>
        </test-method> <!-- report -->
      </class> <!-- ExtentReport.ExtentReportWithSSCREENSHOT -->
    </test> <!-- Default test -->
  </suite> <!-- Default suite -->
</testng-results>
